[2021-05-11 12:18:47Z INFO HostContext] No proxy settings were found based on environmental variables (http_proxy/https_proxy/HTTP_PROXY/HTTPS_PROXY)
[2021-05-11 12:18:47Z INFO HostContext] Well known directory 'Bin': 'C:\Users\Babul\Desktop\reactgithubactions\actions-runner\bin'
[2021-05-11 12:18:47Z INFO HostContext] Well known directory 'Root': 'C:\Users\Babul\Desktop\reactgithubactions\actions-runner'
[2021-05-11 12:18:47Z INFO HostContext] Well known config file 'Credentials': 'C:\Users\Babul\Desktop\reactgithubactions\actions-runner\.credentials'
[2021-05-11 12:18:47Z INFO Listener] Runner is built for Windows (X64) - win-x64.
[2021-05-11 12:18:47Z INFO Listener] RuntimeInformation: Microsoft Windows 10.0.19042.
[2021-05-11 12:18:47Z INFO Listener] Version: 2.278.0
[2021-05-11 12:18:47Z INFO Listener] Commit: 62d926efce35d3ea16d7624a25aaa5b300737def
[2021-05-11 12:18:47Z INFO Listener] Culture: en-US
[2021-05-11 12:18:47Z INFO Listener] UI Culture: en-US
[2021-05-11 12:18:47Z INFO HostContext] Well known directory 'Bin': 'C:\Users\Babul\Desktop\reactgithubactions\actions-runner\bin'
[2021-05-11 12:18:47Z INFO HostContext] Well known directory 'Root': 'C:\Users\Babul\Desktop\reactgithubactions\actions-runner'
[2021-05-11 12:18:47Z INFO Listener] Validating directory permissions for: 'C:\Users\Babul\Desktop\reactgithubactions\actions-runner'
[2021-05-11 12:18:47Z INFO CommandLineParser] Parse
[2021-05-11 12:18:47Z INFO CommandLineParser] Parsing 1 args
[2021-05-11 12:18:47Z INFO CommandLineParser] parsing argument
[2021-05-11 12:18:47Z INFO CommandLineParser] HasArgs: False
[2021-05-11 12:18:47Z INFO CommandLineParser] Adding Command: run
[2021-05-11 12:18:47Z INFO Listener] Arguments parsed
[2021-05-11 12:18:47Z INFO Runner] ExecuteCommand
[2021-05-11 12:18:47Z INFO ConfigurationStore] currentAssemblyLocation: C:\Users\Babul\Desktop\reactgithubactions\actions-runner\bin\Runner.Listener.dll
[2021-05-11 12:18:47Z INFO HostContext] Well known directory 'Bin': 'C:\Users\Babul\Desktop\reactgithubactions\actions-runner\bin'
[2021-05-11 12:18:47Z INFO ConfigurationStore] binPath: C:\Users\Babul\Desktop\reactgithubactions\actions-runner\bin
[2021-05-11 12:18:47Z INFO HostContext] Well known directory 'Bin': 'C:\Users\Babul\Desktop\reactgithubactions\actions-runner\bin'
[2021-05-11 12:18:47Z INFO HostContext] Well known directory 'Root': 'C:\Users\Babul\Desktop\reactgithubactions\actions-runner'
[2021-05-11 12:18:47Z INFO ConfigurationStore] RootFolder: C:\Users\Babul\Desktop\reactgithubactions\actions-runner
[2021-05-11 12:18:47Z INFO HostContext] Well known directory 'Bin': 'C:\Users\Babul\Desktop\reactgithubactions\actions-runner\bin'
[2021-05-11 12:18:47Z INFO HostContext] Well known directory 'Root': 'C:\Users\Babul\Desktop\reactgithubactions\actions-runner'
[2021-05-11 12:18:47Z INFO HostContext] Well known config file 'Runner': 'C:\Users\Babul\Desktop\reactgithubactions\actions-runner\.runner'
[2021-05-11 12:18:47Z INFO ConfigurationStore] ConfigFilePath: C:\Users\Babul\Desktop\reactgithubactions\actions-runner\.runner
[2021-05-11 12:18:47Z INFO HostContext] Well known directory 'Bin': 'C:\Users\Babul\Desktop\reactgithubactions\actions-runner\bin'
[2021-05-11 12:18:47Z INFO HostContext] Well known directory 'Root': 'C:\Users\Babul\Desktop\reactgithubactions\actions-runner'
[2021-05-11 12:18:47Z INFO HostContext] Well known config file 'Credentials': 'C:\Users\Babul\Desktop\reactgithubactions\actions-runner\.credentials'
[2021-05-11 12:18:47Z INFO ConfigurationStore] CredFilePath: C:\Users\Babul\Desktop\reactgithubactions\actions-runner\.credentials
[2021-05-11 12:18:47Z INFO HostContext] Well known directory 'Bin': 'C:\Users\Babul\Desktop\reactgithubactions\actions-runner\bin'
[2021-05-11 12:18:47Z INFO HostContext] Well known directory 'Root': 'C:\Users\Babul\Desktop\reactgithubactions\actions-runner'
[2021-05-11 12:18:47Z INFO HostContext] Well known config file 'MigratedCredentials': 'C:\Users\Babul\Desktop\reactgithubactions\actions-runner\.credentials_migrated'
[2021-05-11 12:18:47Z INFO ConfigurationStore] MigratedCredFilePath: C:\Users\Babul\Desktop\reactgithubactions\actions-runner\.credentials_migrated
[2021-05-11 12:18:47Z INFO HostContext] Well known directory 'Bin': 'C:\Users\Babul\Desktop\reactgithubactions\actions-runner\bin'
[2021-05-11 12:18:47Z INFO HostContext] Well known directory 'Root': 'C:\Users\Babul\Desktop\reactgithubactions\actions-runner'
[2021-05-11 12:18:47Z INFO HostContext] Well known config file 'Service': 'C:\Users\Babul\Desktop\reactgithubactions\actions-runner\.service'
[2021-05-11 12:18:47Z INFO ConfigurationStore] ServiceConfigFilePath: C:\Users\Babul\Desktop\reactgithubactions\actions-runner\.service
[2021-05-11 12:18:47Z INFO CommandSettings] Flag 'help': 'False'
[2021-05-11 12:18:47Z INFO CommandSettings] Flag 'version': 'False'
[2021-05-11 12:18:47Z INFO CommandSettings] Flag 'commit': 'False'
[2021-05-11 12:18:47Z INFO CommandSettings] Flag 'check': 'False'
[2021-05-11 12:18:47Z INFO CommandSettings] Command 'configure': 'False'
[2021-05-11 12:18:47Z INFO CommandSettings] Command 'remove': 'False'
[2021-05-11 12:18:47Z INFO CommandSettings] Command 'warmup': 'False'
[2021-05-11 12:18:47Z INFO ConfigurationManager] LoadSettings
[2021-05-11 12:18:47Z INFO ConfigurationStore] IsConfigured()
[2021-05-11 12:18:47Z INFO ConfigurationStore] IsConfigured: True
[2021-05-11 12:18:47Z INFO ConfigurationManager] Is configured: True
[2021-05-11 12:18:47Z INFO ConfigurationStore] Read setting file: 305 chars
[2021-05-11 12:18:47Z INFO ConfigurationManager] Settings Loaded
[2021-05-11 12:18:47Z INFO ConfigurationStore] IsServiceConfigured()
[2021-05-11 12:18:47Z INFO ConfigurationStore] IsServiceConfigured: True
[2021-05-11 12:18:47Z INFO CommandSettings] Command 'run': 'True'
[2021-05-11 12:18:47Z INFO ConfigurationStore] IsConfigured()
[2021-05-11 12:18:47Z INFO ConfigurationStore] IsConfigured: True
[2021-05-11 12:18:47Z INFO ConfigurationManager] Is configured: True
[2021-05-11 12:18:47Z INFO Runner] Try determine runner startup type base on console redirects.
[2021-05-11 12:18:47Z INFO Runner] Set runner startup type - Manual
[2021-05-11 12:18:47Z INFO CommandSettings] Flag 'once': 'False'
[2021-05-11 12:18:47Z INFO Runner] RunAsync
[2021-05-11 12:18:47Z INFO ConfigurationManager] LoadSettings
[2021-05-11 12:18:47Z INFO ConfigurationStore] IsConfigured()
[2021-05-11 12:18:47Z INFO ConfigurationStore] IsConfigured: True
[2021-05-11 12:18:47Z INFO ConfigurationManager] Is configured: True
[2021-05-11 12:18:47Z INFO ConfigurationManager] Settings Loaded
[2021-05-11 12:18:47Z INFO MessageListener] {
  "AgentId": 2,
  "AgentName": "react-app",
  "PoolId": 1,
  "PoolName": "Default",
  "ServerUrl": "https://pipelines.actions.githubusercontent.com/VuJnYrxUgMxF0ftKt1f21y5ritxZO3WHXdUsTGQtz0Hqg5tdTV",
  "GitHubUrl": "https://github.com/babul101/ReactGithubActions",
  "WorkFolder": "react-app"
}
[2021-05-11 12:18:47Z INFO MessageListener] Loading Credentials
[2021-05-11 12:18:47Z INFO ConfigurationStore] HasCredentials()
[2021-05-11 12:18:47Z INFO ConfigurationStore] stored True
[2021-05-11 12:18:47Z INFO CredentialManager] GetCredentialProvider
[2021-05-11 12:18:47Z INFO CredentialManager] Creating type OAuth
[2021-05-11 12:18:47Z INFO CredentialManager] Creating credential type: OAuth
[2021-05-11 12:18:47Z INFO HostContext] Well known directory 'Bin': 'C:\Users\Babul\Desktop\reactgithubactions\actions-runner\bin'
[2021-05-11 12:18:47Z INFO HostContext] Well known directory 'Root': 'C:\Users\Babul\Desktop\reactgithubactions\actions-runner'
[2021-05-11 12:18:47Z INFO HostContext] Well known config file 'RSACredentials': 'C:\Users\Babul\Desktop\reactgithubactions\actions-runner\.credentials_rsaparams'
[2021-05-11 12:18:47Z INFO RSAEncryptedFileKeyManager] Loading RSA key parameters from file C:\Users\Babul\Desktop\reactgithubactions\actions-runner\.credentials_rsaparams
[2021-05-11 12:18:47Z INFO MessageListener] Attempt to create session.
[2021-05-11 12:18:47Z INFO MessageListener] Connecting to the Runner Server...
[2021-05-11 12:18:47Z INFO RunnerServer] Establish connection with 100 seconds timeout.
[2021-05-11 12:18:47Z INFO GitHubActionsService] Starting operation Location.GetConnectionData
[2021-05-11 12:18:47Z INFO RunnerServer] Establish connection with 60 seconds timeout.
[2021-05-11 12:18:47Z INFO GitHubActionsService] Starting operation Location.GetConnectionData
[2021-05-11 12:18:47Z INFO RunnerServer] Establish connection with 60 seconds timeout.
[2021-05-11 12:18:47Z INFO GitHubActionsService] Starting operation Location.GetConnectionData
[2021-05-11 12:18:48Z INFO GitHubActionsService] Finished operation Location.GetConnectionData
[2021-05-11 12:18:48Z INFO GitHubActionsService] Finished operation Location.GetConnectionData
[2021-05-11 12:18:48Z INFO GitHubActionsService] Finished operation Location.GetConnectionData
[2021-05-11 12:18:48Z INFO MessageListener] VssConnection created
[2021-05-11 12:18:48Z INFO Terminal] WRITE LINE: 
[2021-05-11 12:18:48Z INFO Terminal] WRITE LINE: 
[2021-05-11 12:18:48Z WARN GitHubActionsService] Authentication failed with status code 401.
WWW-Authenticate: Bearer
Strict-Transport-Security: max-age=2592000
X-TFS-ProcessId: ee92f680-05de-4e13-9127-5fb8e0cba24d
ActivityId: 69761390-d328-46e7-a7eb-3a8e37994c13
X-TFS-Session: 7c976951-2c12-490e-9ac8-f751cf28c965
X-VSS-E2EID: d670ddf9-8bb1-43dc-a3e3-43b2fa26b4f2
X-VSS-SenderDeploymentId: 2c974d96-2c30-cef5-eff2-3e0511a903a5
X-TFS-ServiceError: The+user+%27System%3aPublicAccess%3baaaaaaaa-aaaa-aaaa-aaaa-aaaaaaaaaaaa%27+is+not+authorized+to+access+this+resource.
X-VSS-S2STargetService: 0000005A-0000-8888-8000-000000000000/visualstudio.com
X-MSEdge-Ref: Ref A: ECEAFA23377440759F92C9B7B19A8B93 Ref B: MAA01EDGE0515 Ref C: 2021-05-11T12:18:48Z
Date: Tue, 11 May 2021 12:18:48 GMT

[2021-05-11 12:18:48Z INFO RSAEncryptedFileKeyManager] Loading RSA key parameters from file C:\Users\Babul\Desktop\reactgithubactions\actions-runner\.credentials_rsaparams
[2021-05-11 12:18:49Z INFO RSAEncryptedFileKeyManager] Loading RSA key parameters from file C:\Users\Babul\Desktop\reactgithubactions\actions-runner\.credentials_rsaparams
[2021-05-11 12:18:49Z INFO GitHubActionsService] AAD Correlation ID for this token request: Unknown
[2021-05-11 12:18:50Z INFO MessageListener] Session created.
[2021-05-11 12:18:50Z INFO Terminal] WRITE LINE: 2021-05-11 12:18:50Z: Listening for Jobs
[2021-05-11 12:18:50Z INFO JobDispatcher] Set runner/worker IPC timeout to 30 seconds.
[2021-05-11 12:25:47Z INFO RSAEncryptedFileKeyManager] Loading RSA key parameters from file C:\Users\Babul\Desktop\reactgithubactions\actions-runner\.credentials_rsaparams
[2021-05-11 12:25:47Z INFO MessageListener] Message '1' received from session '5365951a-64e7-4111-99b1-3cdbb798c3c7'.
[2021-05-11 12:25:47Z INFO JobDispatcher] Job request 1 for plan bc4b0018-1f4e-4722-825b-386deb8a2fc4 job 006c7e6f-00a1-57ff-4d9c-5871960fc9e4 received.
[2021-05-11 12:25:47Z INFO JobDispatcher] Pull OrchestrationId bc4b0018-1f4e-4722-825b-386deb8a2fc4.build._14_x from JWT claims
[2021-05-11 12:25:47Z INFO Terminal] WRITE LINE: 2021-05-11 12:25:47Z: Running job: build (14.x)
[2021-05-11 12:25:47Z INFO JobDispatcher] Start renew job request 1 for job 006c7e6f-00a1-57ff-4d9c-5871960fc9e4.
[2021-05-11 12:25:48Z INFO JobDispatcher] Successfully renew job request 1, job is valid till 5/11/2021 12:35:48 PM
[2021-05-11 12:25:48Z INFO HostContext] Well known directory 'Bin': 'C:\Users\Babul\Desktop\reactgithubactions\actions-runner\bin'
[2021-05-11 12:25:48Z INFO ProcessInvokerWrapper] Starting process:
[2021-05-11 12:25:48Z INFO ProcessInvokerWrapper]   File name: 'C:\Users\Babul\Desktop\reactgithubactions\actions-runner\bin\Runner.Worker.exe'
[2021-05-11 12:25:48Z INFO ProcessInvokerWrapper]   Arguments: 'spawnclient 1764 1800'
[2021-05-11 12:25:48Z INFO ProcessInvokerWrapper]   Working directory: 'C:\Users\Babul\Desktop\reactgithubactions\actions-runner\bin'
[2021-05-11 12:25:48Z INFO ProcessInvokerWrapper]   Require exit code zero: 'False'
[2021-05-11 12:25:48Z INFO ProcessInvokerWrapper]   Encoding web name:  ; code page: ''
[2021-05-11 12:25:48Z INFO ProcessInvokerWrapper]   Force kill process on cancellation: 'True'
[2021-05-11 12:25:48Z INFO ProcessInvokerWrapper]   Redirected STDIN: 'False'
[2021-05-11 12:25:48Z INFO ProcessInvokerWrapper]   Persist current code page: 'False'
[2021-05-11 12:25:48Z INFO ProcessInvokerWrapper]   Keep redirected STDIN open: 'False'
[2021-05-11 12:25:48Z INFO ProcessInvokerWrapper]   High priority process: 'True'
[2021-05-11 12:25:48Z INFO ProcessInvokerWrapper] Process started with process id 10940, waiting for process exit.
[2021-05-11 12:25:48Z INFO JobDispatcher] Send job request message to worker for job 006c7e6f-00a1-57ff-4d9c-5871960fc9e4.
[2021-05-11 12:25:49Z INFO JobNotification] Entering JobStarted Notification
[2021-05-11 12:25:49Z INFO JobNotification] Entering StartMonitor
[2021-05-11 12:26:49Z INFO JobDispatcher] Successfully renew job request 1, job is valid till 5/11/2021 12:36:48 PM
[2021-05-11 12:27:49Z INFO JobDispatcher] Successfully renew job request 1, job is valid till 5/11/2021 12:37:49 PM
[2021-05-11 12:28:50Z INFO JobDispatcher] Successfully renew job request 1, job is valid till 5/11/2021 12:38:49 PM
[2021-05-11 12:29:50Z INFO JobDispatcher] Successfully renew job request 1, job is valid till 5/11/2021 12:39:50 PM
[2021-05-11 12:30:51Z INFO JobDispatcher] Successfully renew job request 1, job is valid till 5/11/2021 12:40:50 PM
[2021-05-11 12:31:51Z INFO JobDispatcher] Successfully renew job request 1, job is valid till 5/11/2021 12:41:51 PM
[2021-05-11 12:32:52Z INFO JobDispatcher] Successfully renew job request 1, job is valid till 5/11/2021 12:42:52 PM
[2021-05-11 12:33:52Z INFO JobDispatcher] Successfully renew job request 1, job is valid till 5/11/2021 12:43:52 PM
[2021-05-11 12:34:53Z INFO JobDispatcher] Successfully renew job request 1, job is valid till 5/11/2021 12:44:52 PM
[2021-05-11 12:35:18Z INFO ProcessInvokerWrapper] STDOUT/STDERR stream read finished.
[2021-05-11 12:35:18Z INFO ProcessInvokerWrapper] STDOUT/STDERR stream read finished.
[2021-05-11 12:35:18Z INFO ProcessInvokerWrapper] Finished process 10940 with exit code 100, and elapsed time 00:09:29.4418559.
[2021-05-11 12:35:18Z INFO JobDispatcher] Worker finished for job 006c7e6f-00a1-57ff-4d9c-5871960fc9e4. Code: 100
[2021-05-11 12:35:18Z INFO JobDispatcher] finish job request for job 006c7e6f-00a1-57ff-4d9c-5871960fc9e4 with result: Succeeded
[2021-05-11 12:35:18Z INFO Terminal] WRITE LINE: 2021-05-11 12:35:18Z: Job build (14.x) completed with result: Succeeded
[2021-05-11 12:35:18Z INFO JobDispatcher] Stop renew job request for job 006c7e6f-00a1-57ff-4d9c-5871960fc9e4.
[2021-05-11 12:35:18Z INFO JobDispatcher] job renew has been canceled, stop renew job request 1.
[2021-05-11 12:35:18Z INFO JobNotification] Entering JobCompleted Notification
[2021-05-11 12:35:18Z INFO JobNotification] Entering EndMonitor
[2021-05-11 12:56:00Z INFO MessageListener] No message retrieved from session '5365951a-64e7-4111-99b1-3cdbb798c3c7' within last 30 minutes.
[2021-05-11 13:14:27Z WARN GitHubActionsService] Authentication failed with status code 401.
WWW-Authenticate: Bearer
Strict-Transport-Security: max-age=2592000
X-TFS-ProcessId: b247e751-d8b1-4f06-aa86-31c68589cf7b
ActivityId: 823569b0-9f12-4df0-97c9-3ea4e794c019
X-TFS-Session: 7c976951-2c12-490e-9ac8-f751cf28c965
X-VSS-E2EID: 4749922f-0d57-4935-b03f-ea02ed6ce9ed
X-VSS-SenderDeploymentId: 2c974d96-2c30-cef5-eff2-3e0511a903a5
X-TFS-ServiceError: The+user+%27System%3aPublicAccess%3baaaaaaaa-aaaa-aaaa-aaaa-aaaaaaaaaaaa%27+is+not+authorized+to+access+this+resource.
X-VSS-S2STargetService: 0000005A-0000-8888-8000-000000000000/visualstudio.com
X-MSEdge-Ref: Ref A: 372EB6235FCE4B998FD238C2C9E92FE1 Ref B: MAA01EDGE0515 Ref C: 2021-05-11T13:14:26Z
Date: Tue, 11 May 2021 13:14:26 GMT

[2021-05-11 13:14:27Z INFO RSAEncryptedFileKeyManager] Loading RSA key parameters from file C:\Users\Babul\Desktop\reactgithubactions\actions-runner\.credentials_rsaparams
[2021-05-11 13:14:28Z INFO GitHubActionsService] AAD Correlation ID for this token request: Unknown
[2021-05-11 13:26:13Z INFO MessageListener] No message retrieved from session '5365951a-64e7-4111-99b1-3cdbb798c3c7' within last 30 minutes.
