[2021-05-11 12:02:01Z INFO HostContext] No proxy settings were found based on environmental variables (http_proxy/https_proxy/HTTP_PROXY/HTTPS_PROXY)
[2021-05-11 12:02:01Z INFO HostContext] Well known directory 'Bin': 'C:\Users\Babul\Desktop\reactgithubactions\actions-runner\bin'
[2021-05-11 12:02:01Z INFO HostContext] Well known directory 'Root': 'C:\Users\Babul\Desktop\reactgithubactions\actions-runner'
[2021-05-11 12:02:01Z INFO HostContext] Well known config file 'Credentials': 'C:\Users\Babul\Desktop\reactgithubactions\actions-runner\.credentials'
[2021-05-11 12:02:01Z INFO Listener] Runner is built for Windows (X64) - win-x64.
[2021-05-11 12:02:01Z INFO Listener] RuntimeInformation: Microsoft Windows 10.0.19042.
[2021-05-11 12:02:01Z INFO Listener] Version: 2.278.0
[2021-05-11 12:02:01Z INFO Listener] Commit: 62d926efce35d3ea16d7624a25aaa5b300737def
[2021-05-11 12:02:01Z INFO Listener] Culture: en-US
[2021-05-11 12:02:01Z INFO Listener] UI Culture: en-US
[2021-05-11 12:02:01Z INFO HostContext] Well known directory 'Bin': 'C:\Users\Babul\Desktop\reactgithubactions\actions-runner\bin'
[2021-05-11 12:02:01Z INFO HostContext] Well known directory 'Root': 'C:\Users\Babul\Desktop\reactgithubactions\actions-runner'
[2021-05-11 12:02:01Z INFO Listener] Validating directory permissions for: 'C:\Users\Babul\Desktop\reactgithubactions\actions-runner'
[2021-05-11 12:02:01Z INFO CommandLineParser] Parse
[2021-05-11 12:02:01Z INFO CommandLineParser] Parsing 5 args
[2021-05-11 12:02:01Z INFO CommandLineParser] parsing argument
[2021-05-11 12:02:01Z INFO CommandLineParser] HasArgs: False
[2021-05-11 12:02:01Z INFO CommandLineParser] Adding Command: configure
[2021-05-11 12:02:01Z INFO CommandLineParser] parsing argument
[2021-05-11 12:02:01Z INFO CommandLineParser] HasArgs: True
[2021-05-11 12:02:01Z INFO CommandLineParser] arg: url
[2021-05-11 12:02:01Z INFO CommandLineParser] parsing argument
[2021-05-11 12:02:01Z INFO CommandLineParser] HasArgs: True
[2021-05-11 12:02:01Z INFO CommandLineParser] Adding option 'url': 'https://github.com/babul101/ReactGithubActions'
[2021-05-11 12:02:01Z INFO CommandLineParser] parsing argument
[2021-05-11 12:02:01Z INFO CommandLineParser] HasArgs: True
[2021-05-11 12:02:01Z INFO CommandLineParser] arg: token
[2021-05-11 12:02:01Z INFO CommandLineParser] parsing argument
[2021-05-11 12:02:01Z INFO CommandLineParser] HasArgs: True
[2021-05-11 12:02:01Z INFO CommandLineParser] Adding option 'token': '***'
[2021-05-11 12:02:01Z INFO Listener] Arguments parsed
[2021-05-11 12:02:01Z INFO Runner] ExecuteCommand
[2021-05-11 12:02:01Z INFO ConfigurationStore] currentAssemblyLocation: C:\Users\Babul\Desktop\reactgithubactions\actions-runner\bin\Runner.Listener.dll
[2021-05-11 12:02:01Z INFO HostContext] Well known directory 'Bin': 'C:\Users\Babul\Desktop\reactgithubactions\actions-runner\bin'
[2021-05-11 12:02:01Z INFO ConfigurationStore] binPath: C:\Users\Babul\Desktop\reactgithubactions\actions-runner\bin
[2021-05-11 12:02:01Z INFO HostContext] Well known directory 'Bin': 'C:\Users\Babul\Desktop\reactgithubactions\actions-runner\bin'
[2021-05-11 12:02:01Z INFO HostContext] Well known directory 'Root': 'C:\Users\Babul\Desktop\reactgithubactions\actions-runner'
[2021-05-11 12:02:01Z INFO ConfigurationStore] RootFolder: C:\Users\Babul\Desktop\reactgithubactions\actions-runner
[2021-05-11 12:02:01Z INFO HostContext] Well known directory 'Bin': 'C:\Users\Babul\Desktop\reactgithubactions\actions-runner\bin'
[2021-05-11 12:02:01Z INFO HostContext] Well known directory 'Root': 'C:\Users\Babul\Desktop\reactgithubactions\actions-runner'
[2021-05-11 12:02:01Z INFO HostContext] Well known config file 'Runner': 'C:\Users\Babul\Desktop\reactgithubactions\actions-runner\.runner'
[2021-05-11 12:02:01Z INFO ConfigurationStore] ConfigFilePath: C:\Users\Babul\Desktop\reactgithubactions\actions-runner\.runner
[2021-05-11 12:02:01Z INFO HostContext] Well known directory 'Bin': 'C:\Users\Babul\Desktop\reactgithubactions\actions-runner\bin'
[2021-05-11 12:02:01Z INFO HostContext] Well known directory 'Root': 'C:\Users\Babul\Desktop\reactgithubactions\actions-runner'
[2021-05-11 12:02:01Z INFO HostContext] Well known config file 'Credentials': 'C:\Users\Babul\Desktop\reactgithubactions\actions-runner\.credentials'
[2021-05-11 12:02:01Z INFO ConfigurationStore] CredFilePath: C:\Users\Babul\Desktop\reactgithubactions\actions-runner\.credentials
[2021-05-11 12:02:01Z INFO HostContext] Well known directory 'Bin': 'C:\Users\Babul\Desktop\reactgithubactions\actions-runner\bin'
[2021-05-11 12:02:01Z INFO HostContext] Well known directory 'Root': 'C:\Users\Babul\Desktop\reactgithubactions\actions-runner'
[2021-05-11 12:02:01Z INFO HostContext] Well known config file 'MigratedCredentials': 'C:\Users\Babul\Desktop\reactgithubactions\actions-runner\.credentials_migrated'
[2021-05-11 12:02:01Z INFO ConfigurationStore] MigratedCredFilePath: C:\Users\Babul\Desktop\reactgithubactions\actions-runner\.credentials_migrated
[2021-05-11 12:02:01Z INFO HostContext] Well known directory 'Bin': 'C:\Users\Babul\Desktop\reactgithubactions\actions-runner\bin'
[2021-05-11 12:02:01Z INFO HostContext] Well known directory 'Root': 'C:\Users\Babul\Desktop\reactgithubactions\actions-runner'
[2021-05-11 12:02:01Z INFO HostContext] Well known config file 'Service': 'C:\Users\Babul\Desktop\reactgithubactions\actions-runner\.service'
[2021-05-11 12:02:01Z INFO ConfigurationStore] ServiceConfigFilePath: C:\Users\Babul\Desktop\reactgithubactions\actions-runner\.service
[2021-05-11 12:02:01Z INFO CommandSettings] Flag 'help': 'False'
[2021-05-11 12:02:01Z INFO CommandSettings] Flag 'version': 'False'
[2021-05-11 12:02:01Z INFO CommandSettings] Flag 'commit': 'False'
[2021-05-11 12:02:01Z INFO CommandSettings] Flag 'check': 'False'
[2021-05-11 12:02:01Z INFO CommandSettings] Command 'configure': 'True'
[2021-05-11 12:02:01Z INFO Terminal] WRITE LINE: 
[2021-05-11 12:02:01Z INFO Terminal] WRITE LINE: --------------------------------------------------------------------------------
[2021-05-11 12:02:01Z INFO Terminal] WRITE LINE: |        ____ _ _   _   _       _          _        _   _                      |
[2021-05-11 12:02:01Z INFO Terminal] WRITE LINE: |       / ___(_) |_| | | |_   _| |__      / \   ___| |_(_) ___  _ __  ___      |
[2021-05-11 12:02:01Z INFO Terminal] WRITE LINE: |      | |  _| | __| |_| | | | | '_ \    / _ \ / __| __| |/ _ \| '_ \/ __|     |
[2021-05-11 12:02:01Z INFO Terminal] WRITE LINE: |      | |_| | | |_|  _  | |_| | |_) |  / ___ \ (__| |_| | (_) | | | \__ \     |
[2021-05-11 12:02:01Z INFO Terminal] WRITE LINE: |       \____|_|\__|_| |_|\__,_|_.__/  /_/   \_\___|\__|_|\___/|_| |_|___/     |
[2021-05-11 12:02:01Z INFO Terminal] WRITE LINE: |                                                                              |
[2021-05-11 12:02:01Z INFO Terminal] WRITE: |                       
[2021-05-11 12:02:01Z INFO Terminal] WRITE: Self-hosted runner registration
[2021-05-11 12:02:01Z INFO Terminal] WRITE LINE:                         |
[2021-05-11 12:02:01Z INFO Terminal] WRITE LINE: |                                                                              |
[2021-05-11 12:02:01Z INFO Terminal] WRITE LINE: --------------------------------------------------------------------------------
[2021-05-11 12:02:01Z INFO ConfigurationManager] ConfigureAsync
[2021-05-11 12:02:01Z INFO ConfigurationStore] IsConfigured()
[2021-05-11 12:02:01Z INFO ConfigurationStore] IsConfigured: False
[2021-05-11 12:02:01Z INFO ConfigurationManager] Is configured: False
[2021-05-11 12:02:01Z INFO CommandSettings] Arg 'url': 'https://github.com/babul101/ReactGithubActions'
[2021-05-11 12:02:01Z INFO CommandSettings] Remove url from Arg dictionary.
[2021-05-11 12:02:01Z INFO CommandSettings] Arg 'token': '***'
[2021-05-11 12:02:01Z INFO CommandSettings] Remove token from Arg dictionary.
[2021-05-11 12:02:02Z INFO ConfigurationManager] Http response code: OK from 'POST https://api.github.com/actions/runner-registration'
[2021-05-11 12:02:02Z INFO ConfigurationManager] cred retrieved via GitHub auth
[2021-05-11 12:02:02Z INFO RunnerServer] Establish connection with 100 seconds timeout.
[2021-05-11 12:02:02Z INFO GitHubActionsService] Starting operation Location.GetConnectionData
[2021-05-11 12:02:02Z INFO RunnerServer] Establish connection with 60 seconds timeout.
[2021-05-11 12:02:02Z INFO GitHubActionsService] Starting operation Location.GetConnectionData
[2021-05-11 12:02:02Z INFO RunnerServer] Establish connection with 60 seconds timeout.
[2021-05-11 12:02:02Z INFO GitHubActionsService] Starting operation Location.GetConnectionData
[2021-05-11 12:02:03Z INFO GitHubActionsService] Finished operation Location.GetConnectionData
[2021-05-11 12:02:03Z INFO GitHubActionsService] Finished operation Location.GetConnectionData
[2021-05-11 12:02:04Z INFO GitHubActionsService] Finished operation Location.GetConnectionData
[2021-05-11 12:02:04Z INFO Terminal] WRITE LINE: 
[2021-05-11 12:02:04Z INFO ConfigurationManager] Test Connection complete.
[2021-05-11 12:02:04Z INFO HostContext] Well known directory 'Bin': 'C:\Users\Babul\Desktop\reactgithubactions\actions-runner\bin'
[2021-05-11 12:02:04Z INFO HostContext] Well known directory 'Root': 'C:\Users\Babul\Desktop\reactgithubactions\actions-runner'
[2021-05-11 12:02:04Z INFO HostContext] Well known config file 'RSACredentials': 'C:\Users\Babul\Desktop\reactgithubactions\actions-runner\.credentials_rsaparams'
[2021-05-11 12:02:04Z INFO RSAEncryptedFileKeyManager] Creating new RSA key using 2048-bit key length
[2021-05-11 12:02:04Z INFO RSAEncryptedFileKeyManager] Successfully saved RSA key parameters to file C:\Users\Babul\Desktop\reactgithubactions\actions-runner\.credentials_rsaparams
[2021-05-11 12:02:04Z INFO ConfigurationManager] Found a self-hosted runner group with id {1} and name {2} 1, Default
[2021-05-11 12:02:04Z INFO CommandSettings] Arg 'name': ''
[2021-05-11 12:02:04Z INFO CommandSettings] Flag 'unattended': 'False'
[2021-05-11 12:02:04Z INFO PromptManager] ReadValue
[2021-05-11 12:02:04Z INFO Terminal] WRITE: Enter the name of runner: 
[2021-05-11 12:02:04Z INFO Terminal] WRITE: [press Enter for WinDev01] 
[2021-05-11 12:02:04Z INFO Terminal] READ LINE
[2021-05-11 12:03:58Z INFO Terminal] Read value: 'react-app'
[2021-05-11 12:03:58Z INFO Terminal] WRITE LINE: 
[2021-05-11 12:03:58Z INFO CommandSettings] Arg 'labels': ''
[2021-05-11 12:03:58Z INFO CommandSettings] Flag 'unattended': 'False'
[2021-05-11 12:03:58Z INFO PromptManager] ReadValue
[2021-05-11 12:03:58Z INFO Terminal] WRITE: This runner will have the following labels: 'self-hosted', 'Windows', 'X64' 
Enter any additional labels (ex. label-1,label-2): 
[2021-05-11 12:03:58Z INFO Terminal] WRITE: [press Enter to skip] 
[2021-05-11 12:03:58Z INFO Terminal] READ LINE
[2021-05-11 12:04:00Z INFO Terminal] Read value: ''
[2021-05-11 12:04:00Z INFO Terminal] WRITE LINE: 
[2021-05-11 12:04:01Z INFO ConfigurationStore] Saving OAuth credential @ C:\Users\Babul\Desktop\reactgithubactions\actions-runner\.credentials
[2021-05-11 12:04:01Z INFO ConfigurationStore] Credentials Saved.
[2021-05-11 12:04:01Z INFO ConfigurationStore] HasCredentials()
[2021-05-11 12:04:01Z INFO ConfigurationStore] stored True
[2021-05-11 12:04:01Z INFO CredentialManager] GetCredentialProvider
[2021-05-11 12:04:01Z INFO CredentialManager] Creating type OAuth
[2021-05-11 12:04:01Z INFO CredentialManager] Creating credential type: OAuth
[2021-05-11 12:04:01Z INFO RSAEncryptedFileKeyManager] Loading RSA key parameters from file C:\Users\Babul\Desktop\reactgithubactions\actions-runner\.credentials_rsaparams
[2021-05-11 12:04:02Z INFO RunnerServer] Establish connection with 100 seconds timeout.
[2021-05-11 12:04:02Z INFO GitHubActionsService] Starting operation Location.GetConnectionData
[2021-05-11 12:04:02Z INFO RunnerServer] Establish connection with 60 seconds timeout.
[2021-05-11 12:04:02Z INFO GitHubActionsService] Starting operation Location.GetConnectionData
[2021-05-11 12:04:02Z INFO RunnerServer] Establish connection with 60 seconds timeout.
[2021-05-11 12:04:02Z INFO GitHubActionsService] Starting operation Location.GetConnectionData
[2021-05-11 12:04:02Z INFO GitHubActionsService] Finished operation Location.GetConnectionData
[2021-05-11 12:04:02Z INFO GitHubActionsService] Finished operation Location.GetConnectionData
[2021-05-11 12:04:03Z INFO GitHubActionsService] Finished operation Location.GetConnectionData
[2021-05-11 12:04:03Z WARN GitHubActionsService] Authentication failed with status code 401.
WWW-Authenticate: Bearer
Strict-Transport-Security: max-age=2592000
X-TFS-ProcessId: 11b86084-fbf4-4f84-9eb1-f787fc792327
ActivityId: d71fcd36-b095-4116-afbc-550dbb7a731b
X-TFS-Session: 8e2f3f5b-6f4e-43f7-b6be-dd8f9b444ec9
X-VSS-E2EID: 355dd3fe-0102-4222-a27a-f2a7611ac673
X-VSS-SenderDeploymentId: 2c974d96-2c30-cef5-eff2-3e0511a903a5
X-TFS-ServiceError: The+user+%27System%3aPublicAccess%3baaaaaaaa-aaaa-aaaa-aaaa-aaaaaaaaaaaa%27+is+not+authorized+to+access+this+resource.
X-VSS-S2STargetService: 0000005A-0000-8888-8000-000000000000/visualstudio.com
X-MSEdge-Ref: Ref A: 050EB779968C44D591897FF4A7FF91DC Ref B: MAA01EDGE0618 Ref C: 2021-05-11T12:04:03Z
Date: Tue, 11 May 2021 12:04:03 GMT

[2021-05-11 12:04:03Z INFO RSAEncryptedFileKeyManager] Loading RSA key parameters from file C:\Users\Babul\Desktop\reactgithubactions\actions-runner\.credentials_rsaparams
[2021-05-11 12:04:03Z INFO RSAEncryptedFileKeyManager] Loading RSA key parameters from file C:\Users\Babul\Desktop\reactgithubactions\actions-runner\.credentials_rsaparams
[2021-05-11 12:04:04Z INFO GitHubActionsService] AAD Correlation ID for this token request: Unknown
[2021-05-11 12:04:04Z INFO CommandSettings] Arg 'work': ''
[2021-05-11 12:04:04Z INFO CommandSettings] Flag 'unattended': 'False'
[2021-05-11 12:04:04Z INFO PromptManager] ReadValue
[2021-05-11 12:04:04Z INFO Terminal] WRITE: Enter name of work folder: 
[2021-05-11 12:04:04Z INFO Terminal] WRITE: [press Enter for _work] 
[2021-05-11 12:04:04Z INFO Terminal] READ LINE
[2021-05-11 12:04:11Z INFO Terminal] Read value: 'react-app'
[2021-05-11 12:04:11Z INFO ConfigurationStore] Saving runner settings.
[2021-05-11 12:04:11Z INFO ConfigurationStore] Settings Saved.
[2021-05-11 12:04:11Z INFO Terminal] WRITE LINE: 
[2021-05-11 12:04:11Z INFO Terminal] WRITE LINE: 
[2021-05-11 12:04:11Z INFO CommandSettings] Flag 'runasservice': 'False'
[2021-05-11 12:04:11Z INFO CommandSettings] Flag 'unattended': 'False'
[2021-05-11 12:04:11Z INFO PromptManager] ReadValue
[2021-05-11 12:04:11Z INFO Terminal] WRITE: Would you like to run the runner as service? (Y/N) 
[2021-05-11 12:04:11Z INFO Terminal] WRITE: [press Enter for N] 
[2021-05-11 12:04:11Z INFO Terminal] READ LINE
[2021-05-11 12:07:41Z INFO Terminal] Read value: 'y'
[2021-05-11 12:07:41Z INFO ConfigurationManager] Configuring to run the agent as service
[2021-05-11 12:07:41Z INFO CommandSettings] Arg 'windowslogonaccount': ''
[2021-05-11 12:07:41Z INFO CommandSettings] Flag 'unattended': 'False'
[2021-05-11 12:07:41Z INFO PromptManager] ReadValue
[2021-05-11 12:07:41Z INFO Terminal] WRITE: User account to use for the service 
[2021-05-11 12:07:41Z INFO Terminal] WRITE: [press Enter for NT AUTHORITY\NETWORK SERVICE] 
[2021-05-11 12:07:41Z INFO Terminal] READ LINE
[2021-05-11 12:07:50Z INFO Terminal] Read value: ''
[2021-05-11 12:07:50Z INFO PromptManager] Falling back to the default: 'NT AUTHORITY\NETWORK SERVICE'
[2021-05-11 12:07:50Z INFO WindowsServiceControlManager] LogonAccount after transforming: NT AUTHORITY\NETWORK SERVICE, user: NETWORK SERVICE, domain: NT AUTHORITY
[2021-05-11 12:07:50Z INFO WindowsServiceControlManager] Service name 'actions.runner.babul101-ReactGithubActions.react-app' display name 'GitHub Actions Runner (babul101-ReactGithubActions.react-app)' will be used for service configuration.
[2021-05-11 12:07:50Z INFO WindowsServiceControlManager] Verifying if the account has LogonAsService permission
[2021-05-11 12:07:51Z INFO NativeWindowsServiceHelper] Successfully grant logon as service privilege to account 'NETWORK SERVICE'
[2021-05-11 12:07:51Z INFO WindowsServiceControlManager] Create local group and grant folder permission to service logon account.
[2021-05-11 12:07:51Z INFO HostContext] Well known directory 'Bin': 'C:\Users\Babul\Desktop\reactgithubactions\actions-runner\bin'
[2021-05-11 12:07:51Z INFO HostContext] Well known directory 'Root': 'C:\Users\Babul\Desktop\reactgithubactions\actions-runner'
[2021-05-11 12:07:51Z INFO ConfigurationStore] Read setting file: 305 chars
[2021-05-11 12:07:51Z INFO HostContext] Well known directory 'Bin': 'C:\Users\Babul\Desktop\reactgithubactions\actions-runner\bin'
[2021-05-11 12:07:51Z INFO HostContext] Well known directory 'Root': 'C:\Users\Babul\Desktop\reactgithubactions\actions-runner'
[2021-05-11 12:07:51Z INFO HostContext] Well known directory 'Work': 'C:\Users\Babul\Desktop\reactgithubactions\actions-runner\react-app'
[2021-05-11 12:07:51Z INFO HostContext] Well known directory 'Bin': 'C:\Users\Babul\Desktop\reactgithubactions\actions-runner\bin'
[2021-05-11 12:07:51Z INFO NativeWindowsServiceHelper] Calculated unique group name GITHUB_ActionsRunner_Gaf446
[2021-05-11 12:07:51Z INFO NativeWindowsServiceHelper] Trying to create group GITHUB_ActionsRunner_Gaf446
[2021-05-11 12:07:51Z INFO NativeWindowsServiceHelper] Local Group 'GITHUB_ActionsRunner_Gaf446' created
[2021-05-11 12:07:51Z INFO NativeWindowsServiceHelper] Trying to add userName NT AUTHORITY\NETWORK SERVICE to the group GITHUB_ActionsRunner_Gaf446
[2021-05-11 12:07:51Z INFO NativeWindowsServiceHelper] Account 'NT AUTHORITY\NETWORK SERVICE' is added to local group 'GITHUB_ActionsRunner_Gaf446'.
[2021-05-11 12:07:51Z INFO NativeWindowsServiceHelper] Set full access control to group for the folder C:\Users\Babul\Desktop\reactgithubactions\actions-runner
[2021-05-11 12:07:51Z INFO NativeWindowsServiceHelper] Set full access control to group for the folder C:\Users\Babul\Desktop\reactgithubactions\actions-runner\react-app
[2021-05-11 12:07:51Z INFO NativeWindowsServiceHelper] Local group 'GITHUB_ActionsRunner_Gaf446' already has full control to path 'C:\Users\Babul\Desktop\reactgithubactions\actions-runner\react-app'.
[2021-05-11 12:07:51Z INFO Terminal] WRITE LINE: Granting file permissions to 'NT AUTHORITY\NETWORK SERVICE'.
[2021-05-11 12:07:51Z INFO HostContext] Well known directory 'Bin': 'C:\Users\Babul\Desktop\reactgithubactions\actions-runner\bin'
[2021-05-11 12:07:51Z INFO ProcessInvokerWrapper] Starting process:
[2021-05-11 12:07:51Z INFO ProcessInvokerWrapper]   File name: '"C:\Users\Babul\Desktop\reactgithubactions\actions-runner\bin\RunnerService.exe"'
[2021-05-11 12:07:51Z INFO ProcessInvokerWrapper]   Arguments: 'init'
[2021-05-11 12:07:51Z INFO ProcessInvokerWrapper]   Working directory: ''
[2021-05-11 12:07:51Z INFO ProcessInvokerWrapper]   Require exit code zero: 'True'
[2021-05-11 12:07:51Z INFO ProcessInvokerWrapper]   Encoding web name:  ; code page: ''
[2021-05-11 12:07:51Z INFO ProcessInvokerWrapper]   Force kill process on cancellation: 'False'
[2021-05-11 12:07:51Z INFO ProcessInvokerWrapper]   Redirected STDIN: 'False'
[2021-05-11 12:07:51Z INFO ProcessInvokerWrapper]   Persist current code page: 'False'
[2021-05-11 12:07:51Z INFO ProcessInvokerWrapper]   Keep redirected STDIN open: 'False'
[2021-05-11 12:07:51Z INFO ProcessInvokerWrapper]   High priority process: 'False'
[2021-05-11 12:07:51Z INFO ProcessInvokerWrapper] Process started with process id 9116, waiting for process exit.
[2021-05-11 12:07:51Z INFO ProcessInvokerWrapper] STDOUT/STDERR stream read finished.
[2021-05-11 12:07:51Z INFO ProcessInvokerWrapper] STDOUT/STDERR stream read finished.
[2021-05-11 12:07:51Z INFO ProcessInvokerWrapper] Finished process 9116 with exit code 0, and elapsed time 00:00:00.3249398.
[2021-05-11 12:07:51Z INFO Terminal] WRITE LINE: Service actions.runner.babul101-ReactGithubActions.react-app successfully installed
[2021-05-11 12:07:51Z INFO Terminal] WRITE LINE: Service actions.runner.babul101-ReactGithubActions.react-app successfully set recovery option
[2021-05-11 12:07:51Z INFO Terminal] WRITE LINE: Service actions.runner.babul101-ReactGithubActions.react-app successfully set to delayed auto start
[2021-05-11 12:07:51Z INFO Terminal] WRITE LINE: Service actions.runner.babul101-ReactGithubActions.react-app successfully configured
[2021-05-11 12:07:51Z INFO HostContext] Well known directory 'Bin': 'C:\Users\Babul\Desktop\reactgithubactions\actions-runner\bin'
[2021-05-11 12:07:51Z INFO HostContext] Well known directory 'Root': 'C:\Users\Babul\Desktop\reactgithubactions\actions-runner'
[2021-05-11 12:07:51Z INFO HostContext] Well known config file 'Service': 'C:\Users\Babul\Desktop\reactgithubactions\actions-runner\.service'
[2021-05-11 12:07:51Z INFO WindowsServiceControlManager] Configuration was successful, trying to start the service
[2021-05-11 12:07:51Z INFO Terminal] WRITE LINE: Waiting for service to start...
[2021-05-11 12:07:51Z INFO Terminal] WRITE LINE: Service actions.runner.babul101-ReactGithubActions.react-app started successfully
[2021-05-11 12:07:51Z INFO Listener] Runner execution has finished with return code 0
